[debug] [2021-07-22T13:17:22.783Z] ----------------------------------------------------------------------
[debug] [2021-07-22T13:17:22.785Z] Command:       C:\Program Files\nodejs\node.exe C:\Users\Bang Tran\AppData\Roaming\npm\node_modules\firebase-tools\lib\bin\firebase.js init
[debug] [2021-07-22T13:17:22.786Z] CLI Version:   9.16.0
[debug] [2021-07-22T13:17:22.786Z] Platform:      win32
[debug] [2021-07-22T13:17:22.787Z] Node Version:  v14.17.1
[debug] [2021-07-22T13:17:22.788Z] Time:          Thu Jul 22 2021 20:17:22 GMT+0700 (Indochina Time)
[debug] [2021-07-22T13:17:22.788Z] ----------------------------------------------------------------------
[debug] 
[debug] [2021-07-22T13:17:22.795Z] > command requires scopes: ["email","openid","https://www.googleapis.com/auth/cloudplatformprojects.readonly","https://www.googleapis.com/auth/firebase","https://www.googleapis.com/auth/cloud-platform"]
[debug] [2021-07-22T13:17:22.796Z] > authorizing via signed-in user (bangtran.hha@gmail.com)
[info] 
     ######## #### ########  ######## ########     ###     ######  ########
     ##        ##  ##     ## ##       ##     ##  ##   ##  ##       ##
     ######    ##  ########  ######   ########  #########  ######  ######
     ##        ##  ##    ##  ##       ##     ## ##     ##       ## ##
     ##       #### ##     ## ######## ########  ##     ##  ######  ########

You're about to initialize a Firebase project in this directory:

  D:\python1\athayanhweb\frontend

[info] 
=== Project Setup
[info] 
[info] First, let's associate this project directory with a Firebase project.
[info] You can create multiple project aliases by running firebase use --add, 
[info] but for now we'll just set up a default project.
[info] 
[info] i  If you want to create a project in a Google Cloud organization or folder, please use "firebase projects:create" instead, and return to this command when you've created the project. 
[debug] [2021-07-22T13:22:44.169Z] > refreshing access token with scopes: ["email","https://www.googleapis.com/auth/cloud-platform","https://www.googleapis.com/auth/cloudplatformprojects.readonly","https://www.googleapis.com/auth/firebase","openid"]
[debug] [2021-07-22T13:22:44.169Z] >>> HTTP REQUEST POST https://www.googleapis.com/oauth2/v3/token  
 <request body omitted>
[debug] [2021-07-22T13:22:44.424Z] <<< HTTP RESPONSE 200 {"date":"Thu, 22 Jul 2021 13:22:44 GMT","pragma":"no-cache","cache-control":"no-cache, no-store, max-age=0, must-revalidate","expires":"Mon, 01 Jan 1990 00:00:00 GMT","content-type":"application/json; charset=utf-8","vary":"X-Origin, Referer, Origin,Accept-Encoding","server":"scaffolding on HTTPServer2","x-xss-protection":"0","x-frame-options":"SAMEORIGIN","x-content-type-options":"nosniff","alt-svc":"h3=\":443\"; ma=2592000,h3-29=\":443\"; ma=2592000,h3-T051=\":443\"; ma=2592000,h3-Q050=\":443\"; ma=2592000,h3-Q046=\":443\"; ma=2592000,h3-Q043=\":443\"; ma=2592000,quic=\":443\"; ma=2592000; v=\"46,43\"","accept-ranges":"none","transfer-encoding":"chunked"}
[debug] [2021-07-22T13:22:44.459Z] >>> HTTP REQUEST POST https://cloudresourcemanager.googleapis.com/v1/projects  
 {"projectId":" ","name":" "}
[debug] [2021-07-22T13:22:46.046Z] <<< HTTP RESPONSE 400 {"vary":"X-Origin, Referer, Origin,Accept-Encoding","content-type":"application/json; charset=UTF-8","date":"Thu, 22 Jul 2021 13:22:45 GMT","server":"ESF","cache-control":"private","x-xss-protection":"0","x-frame-options":"SAMEORIGIN","x-content-type-options":"nosniff","server-timing":"gfet4t7; dur=827","alt-svc":"h3=\":443\"; ma=2592000,h3-29=\":443\"; ma=2592000,h3-T051=\":443\"; ma=2592000,h3-Q050=\":443\"; ma=2592000,h3-Q046=\":443\"; ma=2592000,h3-Q043=\":443\"; ma=2592000,quic=\":443\"; ma=2592000; v=\"46,43\"","accept-ranges":"none","transfer-encoding":"chunked"}
[debug] [2021-07-22T13:22:46.046Z] <<< HTTP RESPONSE BODY {"error":{"code":400,"message":"Request contains an invalid argument.","status":"INVALID_ARGUMENT","details":[{"@type":"type.googleapis.com/google.rpc.BadRequest","fieldViolations":[{"field":"project_id","description":"project_id must be at least 6 characters long"},{"field":"project_id","description":"project_id contains invalid characters"},{"field":"display_name","description":"project display name must be at least 4 characters"}]},{"@type":"type.googleapis.com/google.rpc.Help","links":[{"url":"https://cloud.google.com/resource-manager/reference/rest/v1/projects"}]}]}}
[debug] [2021-07-22T13:22:46.574Z] FirebaseError: HTTP Error: 400, Request contains an invalid argument.
    at module.exports (C:\Users\Bang Tran\AppData\Roaming\npm\node_modules\firebase-tools\lib\responseToError.js:38:12)
    at Request._callback (C:\Users\Bang Tran\AppData\Roaming\npm\node_modules\firebase-tools\lib\api.js:41:35)
    at Request.self.callback (C:\Users\Bang Tran\AppData\Roaming\npm\node_modules\firebase-tools\node_modules\request\request.js:185:22)
    at Request.emit (events.js:375:28)
    at Request.emit (domain.js:470:12)
    at Request.<anonymous> (C:\Users\Bang Tran\AppData\Roaming\npm\node_modules\firebase-tools\node_modules\request\request.js:1154:10)
    at Request.emit (events.js:375:28)
    at Request.emit (domain.js:470:12)
    at IncomingMessage.<anonymous> (C:\Users\Bang Tran\AppData\Roaming\npm\node_modules\firebase-tools\node_modules\request\request.js:1076:12)
    at Object.onceWrapper (events.js:481:28)
    at IncomingMessage.emit (events.js:387:35)
    at IncomingMessage.emit (domain.js:470:12)
    at endReadableNT (internal/streams/readable.js:1317:12)
    at processTicksAndRejections (internal/process/task_queues.js:82:21)
[error] 
[error] Error: Failed to create project. See firebase-debug.log for more info.
[debug] [2021-07-22T13:23:10.903Z] ----------------------------------------------------------------------
[debug] [2021-07-22T13:23:10.906Z] Command:       C:\Program Files\nodejs\node.exe C:\Users\Bang Tran\AppData\Roaming\npm\node_modules\firebase-tools\lib\bin\firebase.js projects:create
[debug] [2021-07-22T13:23:10.907Z] CLI Version:   9.16.0
[debug] [2021-07-22T13:23:10.907Z] Platform:      win32
[debug] [2021-07-22T13:23:10.907Z] Node Version:  v14.17.1
[debug] [2021-07-22T13:23:10.908Z] Time:          Thu Jul 22 2021 20:23:10 GMT+0700 (Indochina Time)
[debug] [2021-07-22T13:23:10.908Z] ----------------------------------------------------------------------
[debug] 
[debug] [2021-07-22T13:23:10.916Z] > command requires scopes: ["email","openid","https://www.googleapis.com/auth/cloudplatformprojects.readonly","https://www.googleapis.com/auth/firebase","https://www.googleapis.com/auth/cloud-platform"]
[debug] [2021-07-22T13:23:10.916Z] > authorizing via signed-in user (bangtran.hha@gmail.com)
[debug] [2021-07-22T13:23:30.500Z] >>> HTTP REQUEST POST https://cloudresourcemanager.googleapis.com/v1/projects  
 {"projectId":"1","name":"123456"}
[debug] [2021-07-22T13:23:31.601Z] <<< HTTP RESPONSE 400 {"vary":"X-Origin, Referer, Origin,Accept-Encoding","content-type":"application/json; charset=UTF-8","date":"Thu, 22 Jul 2021 13:23:31 GMT","server":"ESF","cache-control":"private","x-xss-protection":"0","x-frame-options":"SAMEORIGIN","x-content-type-options":"nosniff","server-timing":"gfet4t7; dur=837","alt-svc":"h3=\":443\"; ma=2592000,h3-29=\":443\"; ma=2592000,h3-T051=\":443\"; ma=2592000,h3-Q050=\":443\"; ma=2592000,h3-Q046=\":443\"; ma=2592000,h3-Q043=\":443\"; ma=2592000,quic=\":443\"; ma=2592000; v=\"46,43\"","accept-ranges":"none","transfer-encoding":"chunked"}
[debug] [2021-07-22T13:23:31.601Z] <<< HTTP RESPONSE BODY {"error":{"code":400,"message":"Request contains an invalid argument.","status":"INVALID_ARGUMENT","details":[{"@type":"type.googleapis.com/google.rpc.BadRequest","fieldViolations":[{"field":"project_id","description":"project_id must be at least 6 characters long"},{"field":"project_id","description":"project_id contains invalid characters"}]},{"@type":"type.googleapis.com/google.rpc.Help","links":[{"url":"https://cloud.google.com/resource-manager/reference/rest/v1/projects"}]}]}}
[debug] [2021-07-22T13:23:31.760Z] FirebaseError: HTTP Error: 400, Request contains an invalid argument.
    at module.exports (C:\Users\Bang Tran\AppData\Roaming\npm\node_modules\firebase-tools\lib\responseToError.js:38:12)
    at Request._callback (C:\Users\Bang Tran\AppData\Roaming\npm\node_modules\firebase-tools\lib\api.js:41:35)
    at Request.self.callback (C:\Users\Bang Tran\AppData\Roaming\npm\node_modules\firebase-tools\node_modules\request\request.js:185:22)
    at Request.emit (events.js:375:28)
    at Request.emit (domain.js:470:12)
    at Request.<anonymous> (C:\Users\Bang Tran\AppData\Roaming\npm\node_modules\firebase-tools\node_modules\request\request.js:1154:10)
    at Request.emit (events.js:375:28)
    at Request.emit (domain.js:470:12)
    at IncomingMessage.<anonymous> (C:\Users\Bang Tran\AppData\Roaming\npm\node_modules\firebase-tools\node_modules\request\request.js:1076:12)
    at Object.onceWrapper (events.js:481:28)
    at IncomingMessage.emit (events.js:387:35)
    at IncomingMessage.emit (domain.js:470:12)
    at endReadableNT (internal/streams/readable.js:1317:12)
    at processTicksAndRejections (internal/process/task_queues.js:82:21)
[error] 
[error] Error: Failed to create project. See firebase-debug.log for more info.
